2025-05-01 15:57:25,990 - WARNING - Config of the text_encoder: <class 'transformers.models.t5.modeling_t5.T5EncoderModel'> is overwritten by shared text_encoder config: T5Config {
  "_name_or_path": "google/flan-t5-base",
  "architectures": [
    "T5ForConditionalGeneration"
  ],
  "classifier_dropout": 0.0,
  "d_ff": 2048,
  "d_kv": 64,
  "d_model": 768,
  "decoder_start_token_id": 0,
  "dense_act_fn": "gelu_new",
  "dropout_rate": 0.1,
  "eos_token_id": 1,
  "feed_forward_proj": "gated-gelu",
  "initializer_factor": 1.0,
  "is_encoder_decoder": true,
  "is_gated_act": true,
  "layer_norm_epsilon": 1e-06,
  "model_type": "t5",
  "n_positions": 512,
  "num_decoder_layers": 12,
  "num_heads": 12,
  "num_layers": 12,
  "output_past": true,
  "pad_token_id": 0,
  "relative_attention_max_distance": 128,
  "relative_attention_num_buckets": 32,
  "task_specific_params": {
    "summarization": {
      "early_stopping": true,
      "length_penalty": 2.0,
      "max_length": 200,
      "min_length": 30,
      "no_repeat_ngram_size": 3,
      "num_beams": 4,
      "prefix": "summarize: "
    },
    "translation_en_to_de": {
      "early_stopping": true,
      "max_length": 300,
      "num_beams": 4,
      "prefix": "translate English to German: "
    },
    "translation_en_to_fr": {
      "early_stopping": true,
      "max_length": 300,
      "num_beams": 4,
      "prefix": "translate English to French: "
    },
    "translation_en_to_ro": {
      "early_stopping": true,
      "max_length": 300,
      "num_beams": 4,
      "prefix": "translate English to Romanian: "
    }
  },
  "tie_word_embeddings": false,
  "transformers_version": "4.46.1",
  "use_cache": true,
  "vocab_size": 32128
}

2025-05-01 15:57:26,074 - WARNING - Config of the audio_encoder: <class 'parler_tts.dac_wrapper.modeling_dac.DACModel'> is overwritten by shared audio_encoder config: DACConfig {
  "_name_or_path": "ylacombe/dac_44khZ_8kbps",
  "architectures": [
    "DACModel"
  ],
  "codebook_size": 1024,
  "frame_rate": 86,
  "latent_dim": 1024,
  "model_bitrate": 8,
  "model_type": "dac_on_the_hub",
  "num_codebooks": 9,
  "sampling_rate": 44100,
  "torch_dtype": "float32",
  "transformers_version": "4.46.1"
}

2025-05-01 15:57:26,077 - WARNING - Config of the decoder: <class 'parler_tts.modeling_parler_tts.ParlerTTSForCausalLM'> is overwritten by shared decoder config: ParlerTTSDecoderConfig {
  "_name_or_path": "/fsx/yoach/tmp/artefacts/decoder_400M/",
  "activation_dropout": 0.0,
  "activation_function": "gelu",
  "add_cross_attention": true,
  "architectures": [
    "ParlerTTSForCausalLM"
  ],
  "attention_dropout": 0.0,
  "bos_token_id": 1025,
  "codebook_weights": null,
  "cross_attention_implementation_strategy": null,
  "dropout": 0.1,
  "eos_token_id": 1024,
  "ffn_dim": 4096,
  "hidden_size": 1024,
  "initializer_factor": 0.02,
  "is_decoder": true,
  "layerdrop": 0.0,
  "max_position_embeddings": 4096,
  "model_type": "parler_tts_decoder",
  "num_attention_heads": 16,
  "num_codebooks": 9,
  "num_cross_attention_key_value_heads": 16,
  "num_hidden_layers": 24,
  "num_key_value_heads": 16,
  "pad_token_id": 1024,
  "rope_embeddings": false,
  "rope_theta": 10000.0,
  "scale_embedding": false,
  "tie_word_embeddings": false,
  "torch_dtype": "float32",
  "transformers_version": "4.46.1",
  "use_cache": true,
  "use_fused_lm_heads": false,
  "vocab_size": 1088
}

2025-05-01 15:59:45,395 - WARNING - Config of the text_encoder: <class 'transformers.models.t5.modeling_t5.T5EncoderModel'> is overwritten by shared text_encoder config: T5Config {
  "_name_or_path": "google/flan-t5-base",
  "architectures": [
    "T5ForConditionalGeneration"
  ],
  "classifier_dropout": 0.0,
  "d_ff": 2048,
  "d_kv": 64,
  "d_model": 768,
  "decoder_start_token_id": 0,
  "dense_act_fn": "gelu_new",
  "dropout_rate": 0.1,
  "eos_token_id": 1,
  "feed_forward_proj": "gated-gelu",
  "initializer_factor": 1.0,
  "is_encoder_decoder": true,
  "is_gated_act": true,
  "layer_norm_epsilon": 1e-06,
  "model_type": "t5",
  "n_positions": 512,
  "num_decoder_layers": 12,
  "num_heads": 12,
  "num_layers": 12,
  "output_past": true,
  "pad_token_id": 0,
  "relative_attention_max_distance": 128,
  "relative_attention_num_buckets": 32,
  "task_specific_params": {
    "summarization": {
      "early_stopping": true,
      "length_penalty": 2.0,
      "max_length": 200,
      "min_length": 30,
      "no_repeat_ngram_size": 3,
      "num_beams": 4,
      "prefix": "summarize: "
    },
    "translation_en_to_de": {
      "early_stopping": true,
      "max_length": 300,
      "num_beams": 4,
      "prefix": "translate English to German: "
    },
    "translation_en_to_fr": {
      "early_stopping": true,
      "max_length": 300,
      "num_beams": 4,
      "prefix": "translate English to French: "
    },
    "translation_en_to_ro": {
      "early_stopping": true,
      "max_length": 300,
      "num_beams": 4,
      "prefix": "translate English to Romanian: "
    }
  },
  "tie_word_embeddings": false,
  "transformers_version": "4.46.1",
  "use_cache": true,
  "vocab_size": 32128
}

2025-05-01 15:59:45,426 - WARNING - Config of the audio_encoder: <class 'parler_tts.dac_wrapper.modeling_dac.DACModel'> is overwritten by shared audio_encoder config: DACConfig {
  "_name_or_path": "ylacombe/dac_44khZ_8kbps",
  "architectures": [
    "DACModel"
  ],
  "codebook_size": 1024,
  "frame_rate": 86,
  "latent_dim": 1024,
  "model_bitrate": 8,
  "model_type": "dac_on_the_hub",
  "num_codebooks": 9,
  "sampling_rate": 44100,
  "torch_dtype": "float32",
  "transformers_version": "4.46.1"
}

2025-05-01 15:59:45,428 - WARNING - Config of the decoder: <class 'parler_tts.modeling_parler_tts.ParlerTTSForCausalLM'> is overwritten by shared decoder config: ParlerTTSDecoderConfig {
  "_name_or_path": "/fsx/yoach/tmp/artefacts/decoder_400M/",
  "activation_dropout": 0.0,
  "activation_function": "gelu",
  "add_cross_attention": true,
  "architectures": [
    "ParlerTTSForCausalLM"
  ],
  "attention_dropout": 0.0,
  "bos_token_id": 1025,
  "codebook_weights": null,
  "cross_attention_implementation_strategy": null,
  "dropout": 0.1,
  "eos_token_id": 1024,
  "ffn_dim": 4096,
  "hidden_size": 1024,
  "initializer_factor": 0.02,
  "is_decoder": true,
  "layerdrop": 0.0,
  "max_position_embeddings": 4096,
  "model_type": "parler_tts_decoder",
  "num_attention_heads": 16,
  "num_codebooks": 9,
  "num_cross_attention_key_value_heads": 16,
  "num_hidden_layers": 24,
  "num_key_value_heads": 16,
  "pad_token_id": 1024,
  "rope_embeddings": false,
  "rope_theta": 10000.0,
  "scale_embedding": false,
  "tie_word_embeddings": false,
  "torch_dtype": "float32",
  "transformers_version": "4.46.1",
  "use_cache": true,
  "use_fused_lm_heads": false,
  "vocab_size": 1088
}

2025-05-01 16:38:41,226 - WARNING - Config of the text_encoder: <class 'transformers.models.t5.modeling_t5.T5EncoderModel'> is overwritten by shared text_encoder config: T5Config {
  "_name_or_path": "google/flan-t5-base",
  "architectures": [
    "T5ForConditionalGeneration"
  ],
  "classifier_dropout": 0.0,
  "d_ff": 2048,
  "d_kv": 64,
  "d_model": 768,
  "decoder_start_token_id": 0,
  "dense_act_fn": "gelu_new",
  "dropout_rate": 0.1,
  "eos_token_id": 1,
  "feed_forward_proj": "gated-gelu",
  "initializer_factor": 1.0,
  "is_encoder_decoder": true,
  "is_gated_act": true,
  "layer_norm_epsilon": 1e-06,
  "model_type": "t5",
  "n_positions": 512,
  "num_decoder_layers": 12,
  "num_heads": 12,
  "num_layers": 12,
  "output_past": true,
  "pad_token_id": 0,
  "relative_attention_max_distance": 128,
  "relative_attention_num_buckets": 32,
  "task_specific_params": {
    "summarization": {
      "early_stopping": true,
      "length_penalty": 2.0,
      "max_length": 200,
      "min_length": 30,
      "no_repeat_ngram_size": 3,
      "num_beams": 4,
      "prefix": "summarize: "
    },
    "translation_en_to_de": {
      "early_stopping": true,
      "max_length": 300,
      "num_beams": 4,
      "prefix": "translate English to German: "
    },
    "translation_en_to_fr": {
      "early_stopping": true,
      "max_length": 300,
      "num_beams": 4,
      "prefix": "translate English to French: "
    },
    "translation_en_to_ro": {
      "early_stopping": true,
      "max_length": 300,
      "num_beams": 4,
      "prefix": "translate English to Romanian: "
    }
  },
  "tie_word_embeddings": false,
  "transformers_version": "4.46.1",
  "use_cache": true,
  "vocab_size": 32128
}

2025-05-01 16:38:41,377 - WARNING - Config of the audio_encoder: <class 'parler_tts.dac_wrapper.modeling_dac.DACModel'> is overwritten by shared audio_encoder config: DACConfig {
  "_name_or_path": "ylacombe/dac_44khZ_8kbps",
  "architectures": [
    "DACModel"
  ],
  "codebook_size": 1024,
  "frame_rate": 86,
  "latent_dim": 1024,
  "model_bitrate": 8,
  "model_type": "dac_on_the_hub",
  "num_codebooks": 9,
  "sampling_rate": 44100,
  "torch_dtype": "float32",
  "transformers_version": "4.46.1"
}

2025-05-01 16:38:41,387 - WARNING - Config of the decoder: <class 'parler_tts.modeling_parler_tts.ParlerTTSForCausalLM'> is overwritten by shared decoder config: ParlerTTSDecoderConfig {
  "_name_or_path": "/fsx/yoach/tmp/artefacts/decoder_400M/",
  "activation_dropout": 0.0,
  "activation_function": "gelu",
  "add_cross_attention": true,
  "architectures": [
    "ParlerTTSForCausalLM"
  ],
  "attention_dropout": 0.0,
  "bos_token_id": 1025,
  "codebook_weights": null,
  "cross_attention_implementation_strategy": null,
  "dropout": 0.1,
  "eos_token_id": 1024,
  "ffn_dim": 4096,
  "hidden_size": 1024,
  "initializer_factor": 0.02,
  "is_decoder": true,
  "layerdrop": 0.0,
  "max_position_embeddings": 4096,
  "model_type": "parler_tts_decoder",
  "num_attention_heads": 16,
  "num_codebooks": 9,
  "num_cross_attention_key_value_heads": 16,
  "num_hidden_layers": 24,
  "num_key_value_heads": 16,
  "pad_token_id": 1024,
  "rope_embeddings": false,
  "rope_theta": 10000.0,
  "scale_embedding": false,
  "tie_word_embeddings": false,
  "torch_dtype": "float32",
  "transformers_version": "4.46.1",
  "use_cache": true,
  "use_fused_lm_heads": false,
  "vocab_size": 1088
}

2025-05-01 17:03:00,590 - WARNING - Config of the text_encoder: <class 'transformers.models.t5.modeling_t5.T5EncoderModel'> is overwritten by shared text_encoder config: T5Config {
  "_name_or_path": "google/flan-t5-base",
  "architectures": [
    "T5ForConditionalGeneration"
  ],
  "classifier_dropout": 0.0,
  "d_ff": 2048,
  "d_kv": 64,
  "d_model": 768,
  "decoder_start_token_id": 0,
  "dense_act_fn": "gelu_new",
  "dropout_rate": 0.1,
  "eos_token_id": 1,
  "feed_forward_proj": "gated-gelu",
  "initializer_factor": 1.0,
  "is_encoder_decoder": true,
  "is_gated_act": true,
  "layer_norm_epsilon": 1e-06,
  "model_type": "t5",
  "n_positions": 512,
  "num_decoder_layers": 12,
  "num_heads": 12,
  "num_layers": 12,
  "output_past": true,
  "pad_token_id": 0,
  "relative_attention_max_distance": 128,
  "relative_attention_num_buckets": 32,
  "task_specific_params": {
    "summarization": {
      "early_stopping": true,
      "length_penalty": 2.0,
      "max_length": 200,
      "min_length": 30,
      "no_repeat_ngram_size": 3,
      "num_beams": 4,
      "prefix": "summarize: "
    },
    "translation_en_to_de": {
      "early_stopping": true,
      "max_length": 300,
      "num_beams": 4,
      "prefix": "translate English to German: "
    },
    "translation_en_to_fr": {
      "early_stopping": true,
      "max_length": 300,
      "num_beams": 4,
      "prefix": "translate English to French: "
    },
    "translation_en_to_ro": {
      "early_stopping": true,
      "max_length": 300,
      "num_beams": 4,
      "prefix": "translate English to Romanian: "
    }
  },
  "tie_word_embeddings": false,
  "transformers_version": "4.46.1",
  "use_cache": true,
  "vocab_size": 32128
}

2025-05-01 17:03:00,751 - WARNING - Config of the audio_encoder: <class 'parler_tts.dac_wrapper.modeling_dac.DACModel'> is overwritten by shared audio_encoder config: DACConfig {
  "_name_or_path": "ylacombe/dac_44khZ_8kbps",
  "architectures": [
    "DACModel"
  ],
  "codebook_size": 1024,
  "frame_rate": 86,
  "latent_dim": 1024,
  "model_bitrate": 8,
  "model_type": "dac_on_the_hub",
  "num_codebooks": 9,
  "sampling_rate": 44100,
  "torch_dtype": "float32",
  "transformers_version": "4.46.1"
}

2025-05-01 17:03:00,771 - WARNING - Config of the decoder: <class 'parler_tts.modeling_parler_tts.ParlerTTSForCausalLM'> is overwritten by shared decoder config: ParlerTTSDecoderConfig {
  "_name_or_path": "/fsx/yoach/tmp/artefacts/decoder_400M/",
  "activation_dropout": 0.0,
  "activation_function": "gelu",
  "add_cross_attention": true,
  "architectures": [
    "ParlerTTSForCausalLM"
  ],
  "attention_dropout": 0.0,
  "bos_token_id": 1025,
  "codebook_weights": null,
  "cross_attention_implementation_strategy": null,
  "dropout": 0.1,
  "eos_token_id": 1024,
  "ffn_dim": 4096,
  "hidden_size": 1024,
  "initializer_factor": 0.02,
  "is_decoder": true,
  "layerdrop": 0.0,
  "max_position_embeddings": 4096,
  "model_type": "parler_tts_decoder",
  "num_attention_heads": 16,
  "num_codebooks": 9,
  "num_cross_attention_key_value_heads": 16,
  "num_hidden_layers": 24,
  "num_key_value_heads": 16,
  "pad_token_id": 1024,
  "rope_embeddings": false,
  "rope_theta": 10000.0,
  "scale_embedding": false,
  "tie_word_embeddings": false,
  "torch_dtype": "float32",
  "transformers_version": "4.46.1",
  "use_cache": true,
  "use_fused_lm_heads": false,
  "vocab_size": 1088
}

2025-05-01 17:03:43,448 - INFO - Received request with text: 'Hello, this is a tes...'
2025-05-01 17:03:43,449 - INFO - Preprocessing completed in 0.001s
2025-05-01 17:03:43,463 - INFO - Tokenization completed in 0.014s
2025-05-01 17:03:43,463 - INFO - Generating audio...
2025-05-01 17:03:44,172 - WARNING - `prompt_attention_mask` is specified but `attention_mask` is not. A full `attention_mask` will be created. Make sure this is the intended behaviour.
2025-05-01 17:04:34,657 - INFO - Model inference completed in 51.191s
2025-05-01 17:04:34,693 - INFO - Successfully generated audio of size: 308268 bytes in 51.244s
2025-05-01 17:25:25,341 - WARNING - Config of the text_encoder: <class 'transformers.models.t5.modeling_t5.T5EncoderModel'> is overwritten by shared text_encoder config: T5Config {
  "_name_or_path": "google/flan-t5-base",
  "architectures": [
    "T5ForConditionalGeneration"
  ],
  "classifier_dropout": 0.0,
  "d_ff": 2048,
  "d_kv": 64,
  "d_model": 768,
  "decoder_start_token_id": 0,
  "dense_act_fn": "gelu_new",
  "dropout_rate": 0.1,
  "eos_token_id": 1,
  "feed_forward_proj": "gated-gelu",
  "initializer_factor": 1.0,
  "is_encoder_decoder": true,
  "is_gated_act": true,
  "layer_norm_epsilon": 1e-06,
  "model_type": "t5",
  "n_positions": 512,
  "num_decoder_layers": 12,
  "num_heads": 12,
  "num_layers": 12,
  "output_past": true,
  "pad_token_id": 0,
  "relative_attention_max_distance": 128,
  "relative_attention_num_buckets": 32,
  "task_specific_params": {
    "summarization": {
      "early_stopping": true,
      "length_penalty": 2.0,
      "max_length": 200,
      "min_length": 30,
      "no_repeat_ngram_size": 3,
      "num_beams": 4,
      "prefix": "summarize: "
    },
    "translation_en_to_de": {
      "early_stopping": true,
      "max_length": 300,
      "num_beams": 4,
      "prefix": "translate English to German: "
    },
    "translation_en_to_fr": {
      "early_stopping": true,
      "max_length": 300,
      "num_beams": 4,
      "prefix": "translate English to French: "
    },
    "translation_en_to_ro": {
      "early_stopping": true,
      "max_length": 300,
      "num_beams": 4,
      "prefix": "translate English to Romanian: "
    }
  },
  "tie_word_embeddings": false,
  "transformers_version": "4.46.1",
  "use_cache": true,
  "vocab_size": 32128
}

2025-05-01 17:25:25,378 - WARNING - Config of the audio_encoder: <class 'parler_tts.dac_wrapper.modeling_dac.DACModel'> is overwritten by shared audio_encoder config: DACConfig {
  "_name_or_path": "ylacombe/dac_44khZ_8kbps",
  "architectures": [
    "DACModel"
  ],
  "codebook_size": 1024,
  "frame_rate": 86,
  "latent_dim": 1024,
  "model_bitrate": 8,
  "model_type": "dac_on_the_hub",
  "num_codebooks": 9,
  "sampling_rate": 44100,
  "torch_dtype": "float32",
  "transformers_version": "4.46.1"
}

2025-05-01 17:25:25,382 - WARNING - Config of the decoder: <class 'parler_tts.modeling_parler_tts.ParlerTTSForCausalLM'> is overwritten by shared decoder config: ParlerTTSDecoderConfig {
  "_name_or_path": "/fsx/yoach/tmp/artefacts/decoder_400M/",
  "activation_dropout": 0.0,
  "activation_function": "gelu",
  "add_cross_attention": true,
  "architectures": [
    "ParlerTTSForCausalLM"
  ],
  "attention_dropout": 0.0,
  "bos_token_id": 1025,
  "codebook_weights": null,
  "cross_attention_implementation_strategy": null,
  "dropout": 0.1,
  "eos_token_id": 1024,
  "ffn_dim": 4096,
  "hidden_size": 1024,
  "initializer_factor": 0.02,
  "is_decoder": true,
  "layerdrop": 0.0,
  "max_position_embeddings": 4096,
  "model_type": "parler_tts_decoder",
  "num_attention_heads": 16,
  "num_codebooks": 9,
  "num_cross_attention_key_value_heads": 16,
  "num_hidden_layers": 24,
  "num_key_value_heads": 16,
  "pad_token_id": 1024,
  "rope_embeddings": false,
  "rope_theta": 10000.0,
  "scale_embedding": false,
  "tie_word_embeddings": false,
  "torch_dtype": "float32",
  "transformers_version": "4.46.1",
  "use_cache": true,
  "use_fused_lm_heads": false,
  "vocab_size": 1088
}

2025-05-01 17:25:36,668 - WARNING - Failed to apply quantization: bad allocation
2025-05-01 17:25:36,731 - INFO - Model optimized for cpu
2025-05-01 17:28:34,599 - WARNING - Config of the text_encoder: <class 'transformers.models.t5.modeling_t5.T5EncoderModel'> is overwritten by shared text_encoder config: T5Config {
  "_name_or_path": "google/flan-t5-base",
  "architectures": [
    "T5ForConditionalGeneration"
  ],
  "classifier_dropout": 0.0,
  "d_ff": 2048,
  "d_kv": 64,
  "d_model": 768,
  "decoder_start_token_id": 0,
  "dense_act_fn": "gelu_new",
  "dropout_rate": 0.1,
  "eos_token_id": 1,
  "feed_forward_proj": "gated-gelu",
  "initializer_factor": 1.0,
  "is_encoder_decoder": true,
  "is_gated_act": true,
  "layer_norm_epsilon": 1e-06,
  "model_type": "t5",
  "n_positions": 512,
  "num_decoder_layers": 12,
  "num_heads": 12,
  "num_layers": 12,
  "output_past": true,
  "pad_token_id": 0,
  "relative_attention_max_distance": 128,
  "relative_attention_num_buckets": 32,
  "task_specific_params": {
    "summarization": {
      "early_stopping": true,
      "length_penalty": 2.0,
      "max_length": 200,
      "min_length": 30,
      "no_repeat_ngram_size": 3,
      "num_beams": 4,
      "prefix": "summarize: "
    },
    "translation_en_to_de": {
      "early_stopping": true,
      "max_length": 300,
      "num_beams": 4,
      "prefix": "translate English to German: "
    },
    "translation_en_to_fr": {
      "early_stopping": true,
      "max_length": 300,
      "num_beams": 4,
      "prefix": "translate English to French: "
    },
    "translation_en_to_ro": {
      "early_stopping": true,
      "max_length": 300,
      "num_beams": 4,
      "prefix": "translate English to Romanian: "
    }
  },
  "tie_word_embeddings": false,
  "transformers_version": "4.46.1",
  "use_cache": true,
  "vocab_size": 32128
}

2025-05-01 17:28:34,642 - WARNING - Config of the audio_encoder: <class 'parler_tts.dac_wrapper.modeling_dac.DACModel'> is overwritten by shared audio_encoder config: DACConfig {
  "_name_or_path": "ylacombe/dac_44khZ_8kbps",
  "architectures": [
    "DACModel"
  ],
  "codebook_size": 1024,
  "frame_rate": 86,
  "latent_dim": 1024,
  "model_bitrate": 8,
  "model_type": "dac_on_the_hub",
  "num_codebooks": 9,
  "sampling_rate": 44100,
  "torch_dtype": "float32",
  "transformers_version": "4.46.1"
}

2025-05-01 17:28:34,647 - WARNING - Config of the decoder: <class 'parler_tts.modeling_parler_tts.ParlerTTSForCausalLM'> is overwritten by shared decoder config: ParlerTTSDecoderConfig {
  "_name_or_path": "/fsx/yoach/tmp/artefacts/decoder_400M/",
  "activation_dropout": 0.0,
  "activation_function": "gelu",
  "add_cross_attention": true,
  "architectures": [
    "ParlerTTSForCausalLM"
  ],
  "attention_dropout": 0.0,
  "bos_token_id": 1025,
  "codebook_weights": null,
  "cross_attention_implementation_strategy": null,
  "dropout": 0.1,
  "eos_token_id": 1024,
  "ffn_dim": 4096,
  "hidden_size": 1024,
  "initializer_factor": 0.02,
  "is_decoder": true,
  "layerdrop": 0.0,
  "max_position_embeddings": 4096,
  "model_type": "parler_tts_decoder",
  "num_attention_heads": 16,
  "num_codebooks": 9,
  "num_cross_attention_key_value_heads": 16,
  "num_hidden_layers": 24,
  "num_key_value_heads": 16,
  "pad_token_id": 1024,
  "rope_embeddings": false,
  "rope_theta": 10000.0,
  "scale_embedding": false,
  "tie_word_embeddings": false,
  "torch_dtype": "float32",
  "transformers_version": "4.46.1",
  "use_cache": true,
  "use_fused_lm_heads": false,
  "vocab_size": 1088
}

2025-05-01 17:29:07,282 - WARNING - Failed to apply quantization: bad allocation
2025-05-01 17:29:07,365 - INFO - Model optimized for cpu
2025-05-01 17:34:58,202 - WARNING - Config of the text_encoder: <class 'transformers.models.t5.modeling_t5.T5EncoderModel'> is overwritten by shared text_encoder config: T5Config {
  "_name_or_path": "google/flan-t5-base",
  "architectures": [
    "T5ForConditionalGeneration"
  ],
  "classifier_dropout": 0.0,
  "d_ff": 2048,
  "d_kv": 64,
  "d_model": 768,
  "decoder_start_token_id": 0,
  "dense_act_fn": "gelu_new",
  "dropout_rate": 0.1,
  "eos_token_id": 1,
  "feed_forward_proj": "gated-gelu",
  "initializer_factor": 1.0,
  "is_encoder_decoder": true,
  "is_gated_act": true,
  "layer_norm_epsilon": 1e-06,
  "model_type": "t5",
  "n_positions": 512,
  "num_decoder_layers": 12,
  "num_heads": 12,
  "num_layers": 12,
  "output_past": true,
  "pad_token_id": 0,
  "relative_attention_max_distance": 128,
  "relative_attention_num_buckets": 32,
  "task_specific_params": {
    "summarization": {
      "early_stopping": true,
      "length_penalty": 2.0,
      "max_length": 200,
      "min_length": 30,
      "no_repeat_ngram_size": 3,
      "num_beams": 4,
      "prefix": "summarize: "
    },
    "translation_en_to_de": {
      "early_stopping": true,
      "max_length": 300,
      "num_beams": 4,
      "prefix": "translate English to German: "
    },
    "translation_en_to_fr": {
      "early_stopping": true,
      "max_length": 300,
      "num_beams": 4,
      "prefix": "translate English to French: "
    },
    "translation_en_to_ro": {
      "early_stopping": true,
      "max_length": 300,
      "num_beams": 4,
      "prefix": "translate English to Romanian: "
    }
  },
  "tie_word_embeddings": false,
  "transformers_version": "4.46.1",
  "use_cache": true,
  "vocab_size": 32128
}

2025-05-01 17:34:58,229 - WARNING - Config of the audio_encoder: <class 'parler_tts.dac_wrapper.modeling_dac.DACModel'> is overwritten by shared audio_encoder config: DACConfig {
  "_name_or_path": "ylacombe/dac_44khZ_8kbps",
  "architectures": [
    "DACModel"
  ],
  "codebook_size": 1024,
  "frame_rate": 86,
  "latent_dim": 1024,
  "model_bitrate": 8,
  "model_type": "dac_on_the_hub",
  "num_codebooks": 9,
  "sampling_rate": 44100,
  "torch_dtype": "float32",
  "transformers_version": "4.46.1"
}

2025-05-01 17:34:58,232 - WARNING - Config of the decoder: <class 'parler_tts.modeling_parler_tts.ParlerTTSForCausalLM'> is overwritten by shared decoder config: ParlerTTSDecoderConfig {
  "_name_or_path": "/fsx/yoach/tmp/artefacts/decoder_400M/",
  "activation_dropout": 0.0,
  "activation_function": "gelu",
  "add_cross_attention": true,
  "architectures": [
    "ParlerTTSForCausalLM"
  ],
  "attention_dropout": 0.0,
  "bos_token_id": 1025,
  "codebook_weights": null,
  "cross_attention_implementation_strategy": null,
  "dropout": 0.1,
  "eos_token_id": 1024,
  "ffn_dim": 4096,
  "hidden_size": 1024,
  "initializer_factor": 0.02,
  "is_decoder": true,
  "layerdrop": 0.0,
  "max_position_embeddings": 4096,
  "model_type": "parler_tts_decoder",
  "num_attention_heads": 16,
  "num_codebooks": 9,
  "num_cross_attention_key_value_heads": 16,
  "num_hidden_layers": 24,
  "num_key_value_heads": 16,
  "pad_token_id": 1024,
  "rope_embeddings": false,
  "rope_theta": 10000.0,
  "scale_embedding": false,
  "tie_word_embeddings": false,
  "torch_dtype": "float32",
  "transformers_version": "4.46.1",
  "use_cache": true,
  "use_fused_lm_heads": false,
  "vocab_size": 1088
}

2025-05-01 17:35:17,926 - INFO - Applied dynamic quantization for CPU
2025-05-01 17:35:17,970 - INFO - Model optimized for cpu
2025-05-01 17:38:09,592 - INFO - Received request with text: 'Hello, this is a tes...'
2025-05-01 17:38:09,699 - INFO - Preprocessing completed in 0.077s
2025-05-01 17:38:09,907 - INFO - Tokenization completed in 0.207s
2025-05-01 17:38:10,765 - WARNING - `prompt_attention_mask` is specified but `attention_mask` is not. A full `attention_mask` will be created. Make sure this is the intended behaviour.
2025-05-01 17:39:57,612 - WARNING - Config of the text_encoder: <class 'transformers.models.t5.modeling_t5.T5EncoderModel'> is overwritten by shared text_encoder config: T5Config {
  "_name_or_path": "google/flan-t5-base",
  "architectures": [
    "T5ForConditionalGeneration"
  ],
  "classifier_dropout": 0.0,
  "d_ff": 2048,
  "d_kv": 64,
  "d_model": 768,
  "decoder_start_token_id": 0,
  "dense_act_fn": "gelu_new",
  "dropout_rate": 0.1,
  "eos_token_id": 1,
  "feed_forward_proj": "gated-gelu",
  "initializer_factor": 1.0,
  "is_encoder_decoder": true,
  "is_gated_act": true,
  "layer_norm_epsilon": 1e-06,
  "model_type": "t5",
  "n_positions": 512,
  "num_decoder_layers": 12,
  "num_heads": 12,
  "num_layers": 12,
  "output_past": true,
  "pad_token_id": 0,
  "relative_attention_max_distance": 128,
  "relative_attention_num_buckets": 32,
  "task_specific_params": {
    "summarization": {
      "early_stopping": true,
      "length_penalty": 2.0,
      "max_length": 200,
      "min_length": 30,
      "no_repeat_ngram_size": 3,
      "num_beams": 4,
      "prefix": "summarize: "
    },
    "translation_en_to_de": {
      "early_stopping": true,
      "max_length": 300,
      "num_beams": 4,
      "prefix": "translate English to German: "
    },
    "translation_en_to_fr": {
      "early_stopping": true,
      "max_length": 300,
      "num_beams": 4,
      "prefix": "translate English to French: "
    },
    "translation_en_to_ro": {
      "early_stopping": true,
      "max_length": 300,
      "num_beams": 4,
      "prefix": "translate English to Romanian: "
    }
  },
  "tie_word_embeddings": false,
  "transformers_version": "4.46.1",
  "use_cache": true,
  "vocab_size": 32128
}

2025-05-01 17:39:57,697 - WARNING - Config of the audio_encoder: <class 'parler_tts.dac_wrapper.modeling_dac.DACModel'> is overwritten by shared audio_encoder config: DACConfig {
  "_name_or_path": "ylacombe/dac_44khZ_8kbps",
  "architectures": [
    "DACModel"
  ],
  "codebook_size": 1024,
  "frame_rate": 86,
  "latent_dim": 1024,
  "model_bitrate": 8,
  "model_type": "dac_on_the_hub",
  "num_codebooks": 9,
  "sampling_rate": 44100,
  "torch_dtype": "float32",
  "transformers_version": "4.46.1"
}

2025-05-01 17:39:57,702 - WARNING - Config of the decoder: <class 'parler_tts.modeling_parler_tts.ParlerTTSForCausalLM'> is overwritten by shared decoder config: ParlerTTSDecoderConfig {
  "_name_or_path": "/fsx/yoach/tmp/artefacts/decoder_400M/",
  "activation_dropout": 0.0,
  "activation_function": "gelu",
  "add_cross_attention": true,
  "architectures": [
    "ParlerTTSForCausalLM"
  ],
  "attention_dropout": 0.0,
  "bos_token_id": 1025,
  "codebook_weights": null,
  "cross_attention_implementation_strategy": null,
  "dropout": 0.1,
  "eos_token_id": 1024,
  "ffn_dim": 4096,
  "hidden_size": 1024,
  "initializer_factor": 0.02,
  "is_decoder": true,
  "layerdrop": 0.0,
  "max_position_embeddings": 4096,
  "model_type": "parler_tts_decoder",
  "num_attention_heads": 16,
  "num_codebooks": 9,
  "num_cross_attention_key_value_heads": 16,
  "num_hidden_layers": 24,
  "num_key_value_heads": 16,
  "pad_token_id": 1024,
  "rope_embeddings": false,
  "rope_theta": 10000.0,
  "scale_embedding": false,
  "tie_word_embeddings": false,
  "torch_dtype": "float32",
  "transformers_version": "4.46.1",
  "use_cache": true,
  "use_fused_lm_heads": false,
  "vocab_size": 1088
}

2025-05-01 17:40:25,436 - INFO - Received request with text: 'Hello, this is a tes...'
2025-05-01 17:40:25,437 - INFO - Preprocessing completed in 0.001s
2025-05-01 17:40:25,478 - INFO - Tokenization completed in 0.040s
2025-05-01 17:40:25,479 - INFO - Generating audio...
2025-05-01 17:40:26,349 - WARNING - `prompt_attention_mask` is specified but `attention_mask` is not. A full `attention_mask` will be created. Make sure this is the intended behaviour.
2025-05-01 17:41:10,364 - INFO - Model inference completed in 44.879s
2025-05-01 17:41:10,427 - INFO - Successfully generated audio of size: 244780 bytes in 44.991s
2025-05-01 17:46:51,034 - WARNING - Config of the text_encoder: <class 'transformers.models.t5.modeling_t5.T5EncoderModel'> is overwritten by shared text_encoder config: T5Config {
  "_name_or_path": "google/flan-t5-base",
  "architectures": [
    "T5ForConditionalGeneration"
  ],
  "classifier_dropout": 0.0,
  "d_ff": 2048,
  "d_kv": 64,
  "d_model": 768,
  "decoder_start_token_id": 0,
  "dense_act_fn": "gelu_new",
  "dropout_rate": 0.1,
  "eos_token_id": 1,
  "feed_forward_proj": "gated-gelu",
  "initializer_factor": 1.0,
  "is_encoder_decoder": true,
  "is_gated_act": true,
  "layer_norm_epsilon": 1e-06,
  "model_type": "t5",
  "n_positions": 512,
  "num_decoder_layers": 12,
  "num_heads": 12,
  "num_layers": 12,
  "output_past": true,
  "pad_token_id": 0,
  "relative_attention_max_distance": 128,
  "relative_attention_num_buckets": 32,
  "task_specific_params": {
    "summarization": {
      "early_stopping": true,
      "length_penalty": 2.0,
      "max_length": 200,
      "min_length": 30,
      "no_repeat_ngram_size": 3,
      "num_beams": 4,
      "prefix": "summarize: "
    },
    "translation_en_to_de": {
      "early_stopping": true,
      "max_length": 300,
      "num_beams": 4,
      "prefix": "translate English to German: "
    },
    "translation_en_to_fr": {
      "early_stopping": true,
      "max_length": 300,
      "num_beams": 4,
      "prefix": "translate English to French: "
    },
    "translation_en_to_ro": {
      "early_stopping": true,
      "max_length": 300,
      "num_beams": 4,
      "prefix": "translate English to Romanian: "
    }
  },
  "tie_word_embeddings": false,
  "transformers_version": "4.46.1",
  "use_cache": true,
  "vocab_size": 32128
}

2025-05-01 17:46:51,068 - WARNING - Config of the audio_encoder: <class 'parler_tts.dac_wrapper.modeling_dac.DACModel'> is overwritten by shared audio_encoder config: DACConfig {
  "_name_or_path": "ylacombe/dac_44khZ_8kbps",
  "architectures": [
    "DACModel"
  ],
  "codebook_size": 1024,
  "frame_rate": 86,
  "latent_dim": 1024,
  "model_bitrate": 8,
  "model_type": "dac_on_the_hub",
  "num_codebooks": 9,
  "sampling_rate": 44100,
  "torch_dtype": "float32",
  "transformers_version": "4.46.1"
}

2025-05-01 17:46:51,072 - WARNING - Config of the decoder: <class 'parler_tts.modeling_parler_tts.ParlerTTSForCausalLM'> is overwritten by shared decoder config: ParlerTTSDecoderConfig {
  "_name_or_path": "/fsx/yoach/tmp/artefacts/decoder_400M/",
  "activation_dropout": 0.0,
  "activation_function": "gelu",
  "add_cross_attention": true,
  "architectures": [
    "ParlerTTSForCausalLM"
  ],
  "attention_dropout": 0.0,
  "bos_token_id": 1025,
  "codebook_weights": null,
  "cross_attention_implementation_strategy": null,
  "dropout": 0.1,
  "eos_token_id": 1024,
  "ffn_dim": 4096,
  "hidden_size": 1024,
  "initializer_factor": 0.02,
  "is_decoder": true,
  "layerdrop": 0.0,
  "max_position_embeddings": 4096,
  "model_type": "parler_tts_decoder",
  "num_attention_heads": 16,
  "num_codebooks": 9,
  "num_cross_attention_key_value_heads": 16,
  "num_hidden_layers": 24,
  "num_key_value_heads": 16,
  "pad_token_id": 1024,
  "rope_embeddings": false,
  "rope_theta": 10000.0,
  "scale_embedding": false,
  "tie_word_embeddings": false,
  "torch_dtype": "float32",
  "transformers_version": "4.46.1",
  "use_cache": true,
  "use_fused_lm_heads": false,
  "vocab_size": 1088
}

2025-05-01 17:47:46,149 - INFO - Received request with text: 'Hello, this is a tes...'
2025-05-01 17:47:46,232 - INFO - Preprocessing completed in 0.100s
2025-05-01 17:47:46,575 - INFO - Tokenization completed in 0.340s
2025-05-01 17:47:46,576 - INFO - Generating audio...
2025-05-01 17:47:47,698 - WARNING - `prompt_attention_mask` is specified but `attention_mask` is not. A full `attention_mask` will be created. Make sure this is the intended behaviour.
2025-05-01 17:48:48,641 - INFO - Model inference completed in 62.054s
2025-05-01 17:48:48,712 - INFO - Successfully generated audio of size: 294956 bytes in 62.579s
2025-05-01 17:49:54,538 - INFO - Received request with text: 'hello my name is Aze...'
2025-05-01 17:49:54,541 - INFO - Preprocessing completed in 0.005s
2025-05-01 17:49:54,625 - INFO - Tokenization completed in 0.084s
2025-05-01 17:49:54,626 - INFO - Generating audio...
2025-05-01 17:50:21,974 - INFO - Model inference completed in 27.341s
2025-05-01 17:50:22,026 - INFO - Successfully generated audio of size: 169004 bytes in 27.490s
2025-05-01 17:52:26,798 - INFO - Received request with text: 'YOOO how have you be...'
2025-05-01 17:52:26,815 - INFO - Preprocessing completed in 0.026s
2025-05-01 17:52:26,953 - INFO - Tokenization completed in 0.135s
2025-05-01 17:52:26,955 - INFO - Generating audio...
2025-05-01 17:53:27,126 - INFO - Model inference completed in 60.164s
2025-05-01 17:53:27,188 - INFO - Successfully generated audio of size: 246828 bytes in 60.399s
2025-05-01 17:53:43,519 - INFO - Received request with text: 'yooo how have you be...'
2025-05-01 17:53:43,523 - INFO - Preprocessing completed in 0.004s
2025-05-01 17:53:43,593 - INFO - Tokenization completed in 0.070s
2025-05-01 17:53:43,595 - INFO - Generating audio...
2025-05-01 17:54:12,603 - INFO - Model inference completed in 28.999s
2025-05-01 17:54:12,663 - INFO - Successfully generated audio of size: 128044 bytes in 29.144s
2025-05-01 17:55:20,025 - INFO - Received request with text: 'there was a pirate b...'
2025-05-01 17:55:20,029 - INFO - Preprocessing completed in 0.005s
2025-05-01 17:55:20,151 - INFO - Tokenization completed in 0.122s
2025-05-01 17:55:20,152 - INFO - Generating audio...
2025-05-01 17:56:28,548 - INFO - Model inference completed in 68.387s
2025-05-01 17:56:28,600 - INFO - Successfully generated audio of size: 370732 bytes in 68.575s
2025-05-01 17:57:07,686 - INFO - Received request with text: 'there was a pirate b...'
2025-05-01 17:57:07,690 - INFO - Preprocessing completed in 0.005s
2025-05-01 17:57:07,771 - INFO - Tokenization completed in 0.080s
2025-05-01 17:57:07,772 - INFO - Generating audio...
2025-05-01 17:58:30,746 - INFO - Model inference completed in 82.966s
2025-05-01 17:58:30,797 - INFO - Successfully generated audio of size: 342060 bytes in 83.110s
2025-05-01 17:58:56,145 - INFO - Received request with text: 'there was a pirate b...'
2025-05-01 17:58:56,149 - INFO - Preprocessing completed in 0.005s
2025-05-01 17:58:56,258 - INFO - Tokenization completed in 0.108s
2025-05-01 17:58:56,259 - INFO - Generating audio...
2025-05-01 18:00:22,411 - INFO - Model inference completed in 86.141s
2025-05-01 18:00:22,482 - INFO - Successfully generated audio of size: 363564 bytes in 86.337s
2025-05-01 18:53:36,602 - WARNING - Config of the text_encoder: <class 'transformers.models.t5.modeling_t5.T5EncoderModel'> is overwritten by shared text_encoder config: T5Config {
  "_name_or_path": "google/flan-t5-base",
  "architectures": [
    "T5ForConditionalGeneration"
  ],
  "classifier_dropout": 0.0,
  "d_ff": 2048,
  "d_kv": 64,
  "d_model": 768,
  "decoder_start_token_id": 0,
  "dense_act_fn": "gelu_new",
  "dropout_rate": 0.1,
  "eos_token_id": 1,
  "feed_forward_proj": "gated-gelu",
  "initializer_factor": 1.0,
  "is_encoder_decoder": true,
  "is_gated_act": true,
  "layer_norm_epsilon": 1e-06,
  "model_type": "t5",
  "n_positions": 512,
  "num_decoder_layers": 12,
  "num_heads": 12,
  "num_layers": 12,
  "output_past": true,
  "pad_token_id": 0,
  "relative_attention_max_distance": 128,
  "relative_attention_num_buckets": 32,
  "task_specific_params": {
    "summarization": {
      "early_stopping": true,
      "length_penalty": 2.0,
      "max_length": 200,
      "min_length": 30,
      "no_repeat_ngram_size": 3,
      "num_beams": 4,
      "prefix": "summarize: "
    },
    "translation_en_to_de": {
      "early_stopping": true,
      "max_length": 300,
      "num_beams": 4,
      "prefix": "translate English to German: "
    },
    "translation_en_to_fr": {
      "early_stopping": true,
      "max_length": 300,
      "num_beams": 4,
      "prefix": "translate English to French: "
    },
    "translation_en_to_ro": {
      "early_stopping": true,
      "max_length": 300,
      "num_beams": 4,
      "prefix": "translate English to Romanian: "
    }
  },
  "tie_word_embeddings": false,
  "transformers_version": "4.46.1",
  "use_cache": true,
  "vocab_size": 32128
}

2025-05-01 18:53:36,633 - WARNING - Config of the audio_encoder: <class 'parler_tts.dac_wrapper.modeling_dac.DACModel'> is overwritten by shared audio_encoder config: DACConfig {
  "_name_or_path": "ylacombe/dac_44khZ_8kbps",
  "architectures": [
    "DACModel"
  ],
  "codebook_size": 1024,
  "frame_rate": 86,
  "latent_dim": 1024,
  "model_bitrate": 8,
  "model_type": "dac_on_the_hub",
  "num_codebooks": 9,
  "sampling_rate": 44100,
  "torch_dtype": "float32",
  "transformers_version": "4.46.1"
}

2025-05-01 18:53:36,639 - WARNING - Config of the decoder: <class 'parler_tts.modeling_parler_tts.ParlerTTSForCausalLM'> is overwritten by shared decoder config: ParlerTTSDecoderConfig {
  "_name_or_path": "/fsx/yoach/tmp/artefacts/decoder_400M/",
  "activation_dropout": 0.0,
  "activation_function": "gelu",
  "add_cross_attention": true,
  "architectures": [
    "ParlerTTSForCausalLM"
  ],
  "attention_dropout": 0.0,
  "bos_token_id": 1025,
  "codebook_weights": null,
  "cross_attention_implementation_strategy": null,
  "dropout": 0.1,
  "eos_token_id": 1024,
  "ffn_dim": 4096,
  "hidden_size": 1024,
  "initializer_factor": 0.02,
  "is_decoder": true,
  "layerdrop": 0.0,
  "max_position_embeddings": 4096,
  "model_type": "parler_tts_decoder",
  "num_attention_heads": 16,
  "num_codebooks": 9,
  "num_cross_attention_key_value_heads": 16,
  "num_hidden_layers": 24,
  "num_key_value_heads": 16,
  "pad_token_id": 1024,
  "rope_embeddings": false,
  "rope_theta": 10000.0,
  "scale_embedding": false,
  "tie_word_embeddings": false,
  "torch_dtype": "float32",
  "transformers_version": "4.46.1",
  "use_cache": true,
  "use_fused_lm_heads": false,
  "vocab_size": 1088
}

2025-05-01 21:27:00,504 - INFO - ModelManager initialized with device: cuda
2025-05-01 21:27:00,505 - INFO - Loading default TTS model...
2025-05-01 21:28:05,386 - WARNING - Config of the text_encoder: <class 'transformers.models.t5.modeling_t5.T5EncoderModel'> is overwritten by shared text_encoder config: T5Config {
  "_name_or_path": "google/flan-t5-base",
  "architectures": [
    "T5ForConditionalGeneration"
  ],
  "classifier_dropout": 0.0,
  "d_ff": 2048,
  "d_kv": 64,
  "d_model": 768,
  "decoder_start_token_id": 0,
  "dense_act_fn": "gelu_new",
  "dropout_rate": 0.1,
  "eos_token_id": 1,
  "feed_forward_proj": "gated-gelu",
  "initializer_factor": 1.0,
  "is_encoder_decoder": true,
  "is_gated_act": true,
  "layer_norm_epsilon": 1e-06,
  "model_type": "t5",
  "n_positions": 512,
  "num_decoder_layers": 12,
  "num_heads": 12,
  "num_layers": 12,
  "output_past": true,
  "pad_token_id": 0,
  "relative_attention_max_distance": 128,
  "relative_attention_num_buckets": 32,
  "task_specific_params": {
    "summarization": {
      "early_stopping": true,
      "length_penalty": 2.0,
      "max_length": 200,
      "min_length": 30,
      "no_repeat_ngram_size": 3,
      "num_beams": 4,
      "prefix": "summarize: "
    },
    "translation_en_to_de": {
      "early_stopping": true,
      "max_length": 300,
      "num_beams": 4,
      "prefix": "translate English to German: "
    },
    "translation_en_to_fr": {
      "early_stopping": true,
      "max_length": 300,
      "num_beams": 4,
      "prefix": "translate English to French: "
    },
    "translation_en_to_ro": {
      "early_stopping": true,
      "max_length": 300,
      "num_beams": 4,
      "prefix": "translate English to Romanian: "
    }
  },
  "tie_word_embeddings": false,
  "transformers_version": "4.46.1",
  "use_cache": true,
  "vocab_size": 32128
}

2025-05-01 21:28:05,440 - WARNING - Config of the audio_encoder: <class 'parler_tts.dac_wrapper.modeling_dac.DACModel'> is overwritten by shared audio_encoder config: DACConfig {
  "_name_or_path": "ylacombe/dac_44khZ_8kbps",
  "architectures": [
    "DACModel"
  ],
  "codebook_size": 1024,
  "frame_rate": 86,
  "latent_dim": 1024,
  "model_bitrate": 8,
  "model_type": "dac_on_the_hub",
  "num_codebooks": 9,
  "sampling_rate": 44100,
  "torch_dtype": "float32",
  "transformers_version": "4.46.1"
}

2025-05-01 21:28:05,448 - WARNING - Config of the decoder: <class 'parler_tts.modeling_parler_tts.ParlerTTSForCausalLM'> is overwritten by shared decoder config: ParlerTTSDecoderConfig {
  "_name_or_path": "/fsx/yoach/tmp/artefacts/decoder_400M/",
  "activation_dropout": 0.0,
  "activation_function": "gelu",
  "add_cross_attention": true,
  "architectures": [
    "ParlerTTSForCausalLM"
  ],
  "attention_dropout": 0.0,
  "bos_token_id": 1025,
  "codebook_weights": null,
  "cross_attention_implementation_strategy": null,
  "dropout": 0.1,
  "eos_token_id": 1024,
  "ffn_dim": 4096,
  "hidden_size": 1024,
  "initializer_factor": 0.02,
  "is_decoder": true,
  "layerdrop": 0.0,
  "max_position_embeddings": 4096,
  "model_type": "parler_tts_decoder",
  "num_attention_heads": 16,
  "num_codebooks": 9,
  "num_cross_attention_key_value_heads": 16,
  "num_hidden_layers": 24,
  "num_key_value_heads": 16,
  "pad_token_id": 1024,
  "rope_embeddings": false,
  "rope_theta": 10000.0,
  "scale_embedding": false,
  "tie_word_embeddings": false,
  "torch_dtype": "float32",
  "transformers_version": "4.46.1",
  "use_cache": true,
  "use_fused_lm_heads": false,
  "vocab_size": 1088
}

2025-05-01 21:50:05,109 - INFO - ModelManager initialized with device: cuda
2025-05-01 21:50:05,110 - INFO - CUDA Memory: 0.00MB allocated, 0.00MB reserved
2025-05-01 21:50:05,454 - INFO - Set CUDA memory fraction to 0.8
2025-05-01 21:50:05,454 - INFO - Loading default TTS model...
2025-05-01 21:51:13,092 - WARNING - Config of the text_encoder: <class 'transformers.models.t5.modeling_t5.T5EncoderModel'> is overwritten by shared text_encoder config: T5Config {
  "_name_or_path": "google/flan-t5-base",
  "architectures": [
    "T5ForConditionalGeneration"
  ],
  "classifier_dropout": 0.0,
  "d_ff": 2048,
  "d_kv": 64,
  "d_model": 768,
  "decoder_start_token_id": 0,
  "dense_act_fn": "gelu_new",
  "dropout_rate": 0.1,
  "eos_token_id": 1,
  "feed_forward_proj": "gated-gelu",
  "initializer_factor": 1.0,
  "is_encoder_decoder": true,
  "is_gated_act": true,
  "layer_norm_epsilon": 1e-06,
  "model_type": "t5",
  "n_positions": 512,
  "num_decoder_layers": 12,
  "num_heads": 12,
  "num_layers": 12,
  "output_past": true,
  "pad_token_id": 0,
  "relative_attention_max_distance": 128,
  "relative_attention_num_buckets": 32,
  "task_specific_params": {
    "summarization": {
      "early_stopping": true,
      "length_penalty": 2.0,
      "max_length": 200,
      "min_length": 30,
      "no_repeat_ngram_size": 3,
      "num_beams": 4,
      "prefix": "summarize: "
    },
    "translation_en_to_de": {
      "early_stopping": true,
      "max_length": 300,
      "num_beams": 4,
      "prefix": "translate English to German: "
    },
    "translation_en_to_fr": {
      "early_stopping": true,
      "max_length": 300,
      "num_beams": 4,
      "prefix": "translate English to French: "
    },
    "translation_en_to_ro": {
      "early_stopping": true,
      "max_length": 300,
      "num_beams": 4,
      "prefix": "translate English to Romanian: "
    }
  },
  "tie_word_embeddings": false,
  "transformers_version": "4.46.1",
  "use_cache": true,
  "vocab_size": 32128
}

2025-05-01 21:51:13,141 - WARNING - Config of the audio_encoder: <class 'parler_tts.dac_wrapper.modeling_dac.DACModel'> is overwritten by shared audio_encoder config: DACConfig {
  "_name_or_path": "ylacombe/dac_44khZ_8kbps",
  "architectures": [
    "DACModel"
  ],
  "codebook_size": 1024,
  "frame_rate": 86,
  "latent_dim": 1024,
  "model_bitrate": 8,
  "model_type": "dac_on_the_hub",
  "num_codebooks": 9,
  "sampling_rate": 44100,
  "torch_dtype": "float32",
  "transformers_version": "4.46.1"
}

2025-05-01 21:51:13,146 - WARNING - Config of the decoder: <class 'parler_tts.modeling_parler_tts.ParlerTTSForCausalLM'> is overwritten by shared decoder config: ParlerTTSDecoderConfig {
  "_name_or_path": "/fsx/yoach/tmp/artefacts/decoder_400M/",
  "activation_dropout": 0.0,
  "activation_function": "gelu",
  "add_cross_attention": true,
  "architectures": [
    "ParlerTTSForCausalLM"
  ],
  "attention_dropout": 0.0,
  "bos_token_id": 1025,
  "codebook_weights": null,
  "cross_attention_implementation_strategy": null,
  "dropout": 0.1,
  "eos_token_id": 1024,
  "ffn_dim": 4096,
  "hidden_size": 1024,
  "initializer_factor": 0.02,
  "is_decoder": true,
  "layerdrop": 0.0,
  "max_position_embeddings": 4096,
  "model_type": "parler_tts_decoder",
  "num_attention_heads": 16,
  "num_codebooks": 9,
  "num_cross_attention_key_value_heads": 16,
  "num_hidden_layers": 24,
  "num_key_value_heads": 16,
  "pad_token_id": 1024,
  "rope_embeddings": false,
  "rope_theta": 10000.0,
  "scale_embedding": false,
  "tie_word_embeddings": false,
  "torch_dtype": "float32",
  "transformers_version": "4.46.1",
  "use_cache": true,
  "use_fused_lm_heads": false,
  "vocab_size": 1088
}

2025-05-01 21:54:50,634 - INFO - ModelManager initialized with device: cuda
2025-05-01 21:54:50,635 - INFO - CUDA Memory: 0.00MB allocated, 0.00MB reserved
2025-05-01 21:54:50,920 - INFO - Set CUDA memory fraction to 0.8
2025-05-01 21:54:50,920 - INFO - Loading default TTS model...
2025-05-01 21:55:51,221 - WARNING - Config of the text_encoder: <class 'transformers.models.t5.modeling_t5.T5EncoderModel'> is overwritten by shared text_encoder config: T5Config {
  "_name_or_path": "google/flan-t5-base",
  "architectures": [
    "T5ForConditionalGeneration"
  ],
  "classifier_dropout": 0.0,
  "d_ff": 2048,
  "d_kv": 64,
  "d_model": 768,
  "decoder_start_token_id": 0,
  "dense_act_fn": "gelu_new",
  "dropout_rate": 0.1,
  "eos_token_id": 1,
  "feed_forward_proj": "gated-gelu",
  "initializer_factor": 1.0,
  "is_encoder_decoder": true,
  "is_gated_act": true,
  "layer_norm_epsilon": 1e-06,
  "model_type": "t5",
  "n_positions": 512,
  "num_decoder_layers": 12,
  "num_heads": 12,
  "num_layers": 12,
  "output_past": true,
  "pad_token_id": 0,
  "relative_attention_max_distance": 128,
  "relative_attention_num_buckets": 32,
  "task_specific_params": {
    "summarization": {
      "early_stopping": true,
      "length_penalty": 2.0,
      "max_length": 200,
      "min_length": 30,
      "no_repeat_ngram_size": 3,
      "num_beams": 4,
      "prefix": "summarize: "
    },
    "translation_en_to_de": {
      "early_stopping": true,
      "max_length": 300,
      "num_beams": 4,
      "prefix": "translate English to German: "
    },
    "translation_en_to_fr": {
      "early_stopping": true,
      "max_length": 300,
      "num_beams": 4,
      "prefix": "translate English to French: "
    },
    "translation_en_to_ro": {
      "early_stopping": true,
      "max_length": 300,
      "num_beams": 4,
      "prefix": "translate English to Romanian: "
    }
  },
  "tie_word_embeddings": false,
  "transformers_version": "4.46.1",
  "use_cache": true,
  "vocab_size": 32128
}

2025-05-01 21:55:51,273 - WARNING - Config of the audio_encoder: <class 'parler_tts.dac_wrapper.modeling_dac.DACModel'> is overwritten by shared audio_encoder config: DACConfig {
  "_name_or_path": "ylacombe/dac_44khZ_8kbps",
  "architectures": [
    "DACModel"
  ],
  "codebook_size": 1024,
  "frame_rate": 86,
  "latent_dim": 1024,
  "model_bitrate": 8,
  "model_type": "dac_on_the_hub",
  "num_codebooks": 9,
  "sampling_rate": 44100,
  "torch_dtype": "float32",
  "transformers_version": "4.46.1"
}

2025-05-01 21:55:51,279 - WARNING - Config of the decoder: <class 'parler_tts.modeling_parler_tts.ParlerTTSForCausalLM'> is overwritten by shared decoder config: ParlerTTSDecoderConfig {
  "_name_or_path": "/fsx/yoach/tmp/artefacts/decoder_400M/",
  "activation_dropout": 0.0,
  "activation_function": "gelu",
  "add_cross_attention": true,
  "architectures": [
    "ParlerTTSForCausalLM"
  ],
  "attention_dropout": 0.0,
  "bos_token_id": 1025,
  "codebook_weights": null,
  "cross_attention_implementation_strategy": null,
  "dropout": 0.1,
  "eos_token_id": 1024,
  "ffn_dim": 4096,
  "hidden_size": 1024,
  "initializer_factor": 0.02,
  "is_decoder": true,
  "layerdrop": 0.0,
  "max_position_embeddings": 4096,
  "model_type": "parler_tts_decoder",
  "num_attention_heads": 16,
  "num_codebooks": 9,
  "num_cross_attention_key_value_heads": 16,
  "num_hidden_layers": 24,
  "num_key_value_heads": 16,
  "pad_token_id": 1024,
  "rope_embeddings": false,
  "rope_theta": 10000.0,
  "scale_embedding": false,
  "tie_word_embeddings": false,
  "torch_dtype": "float32",
  "transformers_version": "4.46.1",
  "use_cache": true,
  "use_fused_lm_heads": false,
  "vocab_size": 1088
}

2025-05-01 22:05:25,712 - INFO - ModelManager initialized with device: cuda
2025-05-01 22:05:25,712 - INFO - CUDA Memory: 0.00MB allocated, 0.00MB reserved
2025-05-01 22:05:26,083 - INFO - Set CUDA memory fraction to 0.8
2025-05-01 22:05:26,083 - INFO - Loading default TTS model...
2025-05-01 22:06:23,974 - WARNING - Config of the text_encoder: <class 'transformers.models.t5.modeling_t5.T5EncoderModel'> is overwritten by shared text_encoder config: T5Config {
  "_name_or_path": "google/flan-t5-base",
  "architectures": [
    "T5ForConditionalGeneration"
  ],
  "classifier_dropout": 0.0,
  "d_ff": 2048,
  "d_kv": 64,
  "d_model": 768,
  "decoder_start_token_id": 0,
  "dense_act_fn": "gelu_new",
  "dropout_rate": 0.1,
  "eos_token_id": 1,
  "feed_forward_proj": "gated-gelu",
  "initializer_factor": 1.0,
  "is_encoder_decoder": true,
  "is_gated_act": true,
  "layer_norm_epsilon": 1e-06,
  "model_type": "t5",
  "n_positions": 512,
  "num_decoder_layers": 12,
  "num_heads": 12,
  "num_layers": 12,
  "output_past": true,
  "pad_token_id": 0,
  "relative_attention_max_distance": 128,
  "relative_attention_num_buckets": 32,
  "task_specific_params": {
    "summarization": {
      "early_stopping": true,
      "length_penalty": 2.0,
      "max_length": 200,
      "min_length": 30,
      "no_repeat_ngram_size": 3,
      "num_beams": 4,
      "prefix": "summarize: "
    },
    "translation_en_to_de": {
      "early_stopping": true,
      "max_length": 300,
      "num_beams": 4,
      "prefix": "translate English to German: "
    },
    "translation_en_to_fr": {
      "early_stopping": true,
      "max_length": 300,
      "num_beams": 4,
      "prefix": "translate English to French: "
    },
    "translation_en_to_ro": {
      "early_stopping": true,
      "max_length": 300,
      "num_beams": 4,
      "prefix": "translate English to Romanian: "
    }
  },
  "tie_word_embeddings": false,
  "transformers_version": "4.46.1",
  "use_cache": true,
  "vocab_size": 32128
}

2025-05-01 22:06:24,006 - WARNING - Config of the audio_encoder: <class 'parler_tts.dac_wrapper.modeling_dac.DACModel'> is overwritten by shared audio_encoder config: DACConfig {
  "_name_or_path": "ylacombe/dac_44khZ_8kbps",
  "architectures": [
    "DACModel"
  ],
  "codebook_size": 1024,
  "frame_rate": 86,
  "latent_dim": 1024,
  "model_bitrate": 8,
  "model_type": "dac_on_the_hub",
  "num_codebooks": 9,
  "sampling_rate": 44100,
  "torch_dtype": "float32",
  "transformers_version": "4.46.1"
}

2025-05-01 22:06:24,010 - WARNING - Config of the decoder: <class 'parler_tts.modeling_parler_tts.ParlerTTSForCausalLM'> is overwritten by shared decoder config: ParlerTTSDecoderConfig {
  "_name_or_path": "/fsx/yoach/tmp/artefacts/decoder_400M/",
  "activation_dropout": 0.0,
  "activation_function": "gelu",
  "add_cross_attention": true,
  "architectures": [
    "ParlerTTSForCausalLM"
  ],
  "attention_dropout": 0.0,
  "bos_token_id": 1025,
  "codebook_weights": null,
  "cross_attention_implementation_strategy": null,
  "dropout": 0.1,
  "eos_token_id": 1024,
  "ffn_dim": 4096,
  "hidden_size": 1024,
  "initializer_factor": 0.02,
  "is_decoder": true,
  "layerdrop": 0.0,
  "max_position_embeddings": 4096,
  "model_type": "parler_tts_decoder",
  "num_attention_heads": 16,
  "num_codebooks": 9,
  "num_cross_attention_key_value_heads": 16,
  "num_hidden_layers": 24,
  "num_key_value_heads": 16,
  "pad_token_id": 1024,
  "rope_embeddings": false,
  "rope_theta": 10000.0,
  "scale_embedding": false,
  "tie_word_embeddings": false,
  "torch_dtype": "float32",
  "transformers_version": "4.46.1",
  "use_cache": true,
  "use_fused_lm_heads": false,
  "vocab_size": 1088
}

2025-05-01 22:08:20,122 - INFO - ModelManager initialized with device: cuda
2025-05-01 22:08:20,123 - INFO - CUDA Memory: 0.00MB allocated, 0.00MB reserved
2025-05-01 22:08:20,447 - INFO - Set CUDA memory fraction to 0.8
2025-05-01 22:08:20,448 - INFO - Loading default TTS model...
2025-05-01 22:09:20,129 - WARNING - Config of the text_encoder: <class 'transformers.models.t5.modeling_t5.T5EncoderModel'> is overwritten by shared text_encoder config: T5Config {
  "_name_or_path": "google/flan-t5-base",
  "architectures": [
    "T5ForConditionalGeneration"
  ],
  "classifier_dropout": 0.0,
  "d_ff": 2048,
  "d_kv": 64,
  "d_model": 768,
  "decoder_start_token_id": 0,
  "dense_act_fn": "gelu_new",
  "dropout_rate": 0.1,
  "eos_token_id": 1,
  "feed_forward_proj": "gated-gelu",
  "initializer_factor": 1.0,
  "is_encoder_decoder": true,
  "is_gated_act": true,
  "layer_norm_epsilon": 1e-06,
  "model_type": "t5",
  "n_positions": 512,
  "num_decoder_layers": 12,
  "num_heads": 12,
  "num_layers": 12,
  "output_past": true,
  "pad_token_id": 0,
  "relative_attention_max_distance": 128,
  "relative_attention_num_buckets": 32,
  "task_specific_params": {
    "summarization": {
      "early_stopping": true,
      "length_penalty": 2.0,
      "max_length": 200,
      "min_length": 30,
      "no_repeat_ngram_size": 3,
      "num_beams": 4,
      "prefix": "summarize: "
    },
    "translation_en_to_de": {
      "early_stopping": true,
      "max_length": 300,
      "num_beams": 4,
      "prefix": "translate English to German: "
    },
    "translation_en_to_fr": {
      "early_stopping": true,
      "max_length": 300,
      "num_beams": 4,
      "prefix": "translate English to French: "
    },
    "translation_en_to_ro": {
      "early_stopping": true,
      "max_length": 300,
      "num_beams": 4,
      "prefix": "translate English to Romanian: "
    }
  },
  "tie_word_embeddings": false,
  "transformers_version": "4.46.1",
  "use_cache": true,
  "vocab_size": 32128
}

2025-05-01 22:09:20,181 - WARNING - Config of the audio_encoder: <class 'parler_tts.dac_wrapper.modeling_dac.DACModel'> is overwritten by shared audio_encoder config: DACConfig {
  "_name_or_path": "ylacombe/dac_44khZ_8kbps",
  "architectures": [
    "DACModel"
  ],
  "codebook_size": 1024,
  "frame_rate": 86,
  "latent_dim": 1024,
  "model_bitrate": 8,
  "model_type": "dac_on_the_hub",
  "num_codebooks": 9,
  "sampling_rate": 44100,
  "torch_dtype": "float32",
  "transformers_version": "4.46.1"
}

2025-05-01 22:09:20,186 - WARNING - Config of the decoder: <class 'parler_tts.modeling_parler_tts.ParlerTTSForCausalLM'> is overwritten by shared decoder config: ParlerTTSDecoderConfig {
  "_name_or_path": "/fsx/yoach/tmp/artefacts/decoder_400M/",
  "activation_dropout": 0.0,
  "activation_function": "gelu",
  "add_cross_attention": true,
  "architectures": [
    "ParlerTTSForCausalLM"
  ],
  "attention_dropout": 0.0,
  "bos_token_id": 1025,
  "codebook_weights": null,
  "cross_attention_implementation_strategy": null,
  "dropout": 0.1,
  "eos_token_id": 1024,
  "ffn_dim": 4096,
  "hidden_size": 1024,
  "initializer_factor": 0.02,
  "is_decoder": true,
  "layerdrop": 0.0,
  "max_position_embeddings": 4096,
  "model_type": "parler_tts_decoder",
  "num_attention_heads": 16,
  "num_codebooks": 9,
  "num_cross_attention_key_value_heads": 16,
  "num_hidden_layers": 24,
  "num_key_value_heads": 16,
  "pad_token_id": 1024,
  "rope_embeddings": false,
  "rope_theta": 10000.0,
  "scale_embedding": false,
  "tie_word_embeddings": false,
  "torch_dtype": "float32",
  "transformers_version": "4.46.1",
  "use_cache": true,
  "use_fused_lm_heads": false,
  "vocab_size": 1088
}

2025-05-01 22:14:21,805 - INFO - ModelManager initialized with device: cuda
2025-05-01 22:14:21,806 - INFO - CUDA Memory: 0.00MB allocated, 0.00MB reserved
2025-05-01 22:14:22,180 - INFO - Set CUDA memory fraction to 0.8
2025-05-01 22:14:22,180 - INFO - Loading default TTS model...
2025-05-01 22:15:15,316 - WARNING - Config of the text_encoder: <class 'transformers.models.t5.modeling_t5.T5EncoderModel'> is overwritten by shared text_encoder config: T5Config {
  "_name_or_path": "google/flan-t5-base",
  "architectures": [
    "T5ForConditionalGeneration"
  ],
  "classifier_dropout": 0.0,
  "d_ff": 2048,
  "d_kv": 64,
  "d_model": 768,
  "decoder_start_token_id": 0,
  "dense_act_fn": "gelu_new",
  "dropout_rate": 0.1,
  "eos_token_id": 1,
  "feed_forward_proj": "gated-gelu",
  "initializer_factor": 1.0,
  "is_encoder_decoder": true,
  "is_gated_act": true,
  "layer_norm_epsilon": 1e-06,
  "model_type": "t5",
  "n_positions": 512,
  "num_decoder_layers": 12,
  "num_heads": 12,
  "num_layers": 12,
  "output_past": true,
  "pad_token_id": 0,
  "relative_attention_max_distance": 128,
  "relative_attention_num_buckets": 32,
  "task_specific_params": {
    "summarization": {
      "early_stopping": true,
      "length_penalty": 2.0,
      "max_length": 200,
      "min_length": 30,
      "no_repeat_ngram_size": 3,
      "num_beams": 4,
      "prefix": "summarize: "
    },
    "translation_en_to_de": {
      "early_stopping": true,
      "max_length": 300,
      "num_beams": 4,
      "prefix": "translate English to German: "
    },
    "translation_en_to_fr": {
      "early_stopping": true,
      "max_length": 300,
      "num_beams": 4,
      "prefix": "translate English to French: "
    },
    "translation_en_to_ro": {
      "early_stopping": true,
      "max_length": 300,
      "num_beams": 4,
      "prefix": "translate English to Romanian: "
    }
  },
  "tie_word_embeddings": false,
  "transformers_version": "4.46.1",
  "use_cache": true,
  "vocab_size": 32128
}

2025-05-01 22:15:15,349 - WARNING - Config of the audio_encoder: <class 'parler_tts.dac_wrapper.modeling_dac.DACModel'> is overwritten by shared audio_encoder config: DACConfig {
  "_name_or_path": "ylacombe/dac_44khZ_8kbps",
  "architectures": [
    "DACModel"
  ],
  "codebook_size": 1024,
  "frame_rate": 86,
  "latent_dim": 1024,
  "model_bitrate": 8,
  "model_type": "dac_on_the_hub",
  "num_codebooks": 9,
  "sampling_rate": 44100,
  "torch_dtype": "float32",
  "transformers_version": "4.46.1"
}

2025-05-01 22:15:15,352 - WARNING - Config of the decoder: <class 'parler_tts.modeling_parler_tts.ParlerTTSForCausalLM'> is overwritten by shared decoder config: ParlerTTSDecoderConfig {
  "_name_or_path": "/fsx/yoach/tmp/artefacts/decoder_400M/",
  "activation_dropout": 0.0,
  "activation_function": "gelu",
  "add_cross_attention": true,
  "architectures": [
    "ParlerTTSForCausalLM"
  ],
  "attention_dropout": 0.0,
  "bos_token_id": 1025,
  "codebook_weights": null,
  "cross_attention_implementation_strategy": null,
  "dropout": 0.1,
  "eos_token_id": 1024,
  "ffn_dim": 4096,
  "hidden_size": 1024,
  "initializer_factor": 0.02,
  "is_decoder": true,
  "layerdrop": 0.0,
  "max_position_embeddings": 4096,
  "model_type": "parler_tts_decoder",
  "num_attention_heads": 16,
  "num_codebooks": 9,
  "num_cross_attention_key_value_heads": 16,
  "num_hidden_layers": 24,
  "num_key_value_heads": 16,
  "pad_token_id": 1024,
  "rope_embeddings": false,
  "rope_theta": 10000.0,
  "scale_embedding": false,
  "tie_word_embeddings": false,
  "torch_dtype": "float32",
  "transformers_version": "4.46.1",
  "use_cache": true,
  "use_fused_lm_heads": false,
  "vocab_size": 1088
}

2025-05-01 23:20:53,182 - INFO - ModelManager initialized with device: cpu
2025-05-01 23:20:53,182 - INFO - CUDA Memory: 0.00MB allocated, 0.00MB reserved
2025-05-01 23:20:53,514 - INFO - Set CUDA memory fraction to 0.8
2025-05-01 23:20:53,515 - INFO - Loading default TTS model...
2025-05-01 23:21:43,484 - WARNING - Config of the text_encoder: <class 'transformers.models.t5.modeling_t5.T5EncoderModel'> is overwritten by shared text_encoder config: T5Config {
  "_name_or_path": "google/flan-t5-base",
  "architectures": [
    "T5ForConditionalGeneration"
  ],
  "classifier_dropout": 0.0,
  "d_ff": 2048,
  "d_kv": 64,
  "d_model": 768,
  "decoder_start_token_id": 0,
  "dense_act_fn": "gelu_new",
  "dropout_rate": 0.1,
  "eos_token_id": 1,
  "feed_forward_proj": "gated-gelu",
  "initializer_factor": 1.0,
  "is_encoder_decoder": true,
  "is_gated_act": true,
  "layer_norm_epsilon": 1e-06,
  "model_type": "t5",
  "n_positions": 512,
  "num_decoder_layers": 12,
  "num_heads": 12,
  "num_layers": 12,
  "output_past": true,
  "pad_token_id": 0,
  "relative_attention_max_distance": 128,
  "relative_attention_num_buckets": 32,
  "task_specific_params": {
    "summarization": {
      "early_stopping": true,
      "length_penalty": 2.0,
      "max_length": 200,
      "min_length": 30,
      "no_repeat_ngram_size": 3,
      "num_beams": 4,
      "prefix": "summarize: "
    },
    "translation_en_to_de": {
      "early_stopping": true,
      "max_length": 300,
      "num_beams": 4,
      "prefix": "translate English to German: "
    },
    "translation_en_to_fr": {
      "early_stopping": true,
      "max_length": 300,
      "num_beams": 4,
      "prefix": "translate English to French: "
    },
    "translation_en_to_ro": {
      "early_stopping": true,
      "max_length": 300,
      "num_beams": 4,
      "prefix": "translate English to Romanian: "
    }
  },
  "tie_word_embeddings": false,
  "transformers_version": "4.46.1",
  "use_cache": true,
  "vocab_size": 32128
}

2025-05-01 23:21:43,522 - WARNING - Config of the audio_encoder: <class 'parler_tts.dac_wrapper.modeling_dac.DACModel'> is overwritten by shared audio_encoder config: DACConfig {
  "_name_or_path": "ylacombe/dac_44khZ_8kbps",
  "architectures": [
    "DACModel"
  ],
  "codebook_size": 1024,
  "frame_rate": 86,
  "latent_dim": 1024,
  "model_bitrate": 8,
  "model_type": "dac_on_the_hub",
  "num_codebooks": 9,
  "sampling_rate": 44100,
  "torch_dtype": "float32",
  "transformers_version": "4.46.1"
}

2025-05-01 23:21:43,527 - WARNING - Config of the decoder: <class 'parler_tts.modeling_parler_tts.ParlerTTSForCausalLM'> is overwritten by shared decoder config: ParlerTTSDecoderConfig {
  "_name_or_path": "/fsx/yoach/tmp/artefacts/decoder_400M/",
  "activation_dropout": 0.0,
  "activation_function": "gelu",
  "add_cross_attention": true,
  "architectures": [
    "ParlerTTSForCausalLM"
  ],
  "attention_dropout": 0.0,
  "bos_token_id": 1025,
  "codebook_weights": null,
  "cross_attention_implementation_strategy": null,
  "dropout": 0.1,
  "eos_token_id": 1024,
  "ffn_dim": 4096,
  "hidden_size": 1024,
  "initializer_factor": 0.02,
  "is_decoder": true,
  "layerdrop": 0.0,
  "max_position_embeddings": 4096,
  "model_type": "parler_tts_decoder",
  "num_attention_heads": 16,
  "num_codebooks": 9,
  "num_cross_attention_key_value_heads": 16,
  "num_hidden_layers": 24,
  "num_key_value_heads": 16,
  "pad_token_id": 1024,
  "rope_embeddings": false,
  "rope_theta": 10000.0,
  "scale_embedding": false,
  "tie_word_embeddings": false,
  "torch_dtype": "float32",
  "transformers_version": "4.46.1",
  "use_cache": true,
  "use_fused_lm_heads": false,
  "vocab_size": 1088
}

2025-05-01 23:24:49,742 - INFO - ModelManager initialized with device: cuda
2025-05-01 23:24:49,743 - INFO - CUDA Memory: 0.00MB allocated, 0.00MB reserved
2025-05-01 23:24:50,095 - INFO - Set CUDA memory fraction to 0.8
2025-05-01 23:24:50,095 - INFO - Loading default TTS model...
2025-05-01 23:25:34,941 - WARNING - Config of the text_encoder: <class 'transformers.models.t5.modeling_t5.T5EncoderModel'> is overwritten by shared text_encoder config: T5Config {
  "_name_or_path": "google/flan-t5-base",
  "architectures": [
    "T5ForConditionalGeneration"
  ],
  "classifier_dropout": 0.0,
  "d_ff": 2048,
  "d_kv": 64,
  "d_model": 768,
  "decoder_start_token_id": 0,
  "dense_act_fn": "gelu_new",
  "dropout_rate": 0.1,
  "eos_token_id": 1,
  "feed_forward_proj": "gated-gelu",
  "initializer_factor": 1.0,
  "is_encoder_decoder": true,
  "is_gated_act": true,
  "layer_norm_epsilon": 1e-06,
  "model_type": "t5",
  "n_positions": 512,
  "num_decoder_layers": 12,
  "num_heads": 12,
  "num_layers": 12,
  "output_past": true,
  "pad_token_id": 0,
  "relative_attention_max_distance": 128,
  "relative_attention_num_buckets": 32,
  "task_specific_params": {
    "summarization": {
      "early_stopping": true,
      "length_penalty": 2.0,
      "max_length": 200,
      "min_length": 30,
      "no_repeat_ngram_size": 3,
      "num_beams": 4,
      "prefix": "summarize: "
    },
    "translation_en_to_de": {
      "early_stopping": true,
      "max_length": 300,
      "num_beams": 4,
      "prefix": "translate English to German: "
    },
    "translation_en_to_fr": {
      "early_stopping": true,
      "max_length": 300,
      "num_beams": 4,
      "prefix": "translate English to French: "
    },
    "translation_en_to_ro": {
      "early_stopping": true,
      "max_length": 300,
      "num_beams": 4,
      "prefix": "translate English to Romanian: "
    }
  },
  "tie_word_embeddings": false,
  "transformers_version": "4.46.1",
  "use_cache": true,
  "vocab_size": 32128
}

2025-05-01 23:25:35,048 - WARNING - Config of the audio_encoder: <class 'parler_tts.dac_wrapper.modeling_dac.DACModel'> is overwritten by shared audio_encoder config: DACConfig {
  "_name_or_path": "ylacombe/dac_44khZ_8kbps",
  "architectures": [
    "DACModel"
  ],
  "codebook_size": 1024,
  "frame_rate": 86,
  "latent_dim": 1024,
  "model_bitrate": 8,
  "model_type": "dac_on_the_hub",
  "num_codebooks": 9,
  "sampling_rate": 44100,
  "torch_dtype": "float32",
  "transformers_version": "4.46.1"
}

2025-05-01 23:25:35,067 - WARNING - Config of the decoder: <class 'parler_tts.modeling_parler_tts.ParlerTTSForCausalLM'> is overwritten by shared decoder config: ParlerTTSDecoderConfig {
  "_name_or_path": "/fsx/yoach/tmp/artefacts/decoder_400M/",
  "activation_dropout": 0.0,
  "activation_function": "gelu",
  "add_cross_attention": true,
  "architectures": [
    "ParlerTTSForCausalLM"
  ],
  "attention_dropout": 0.0,
  "bos_token_id": 1025,
  "codebook_weights": null,
  "cross_attention_implementation_strategy": null,
  "dropout": 0.1,
  "eos_token_id": 1024,
  "ffn_dim": 4096,
  "hidden_size": 1024,
  "initializer_factor": 0.02,
  "is_decoder": true,
  "layerdrop": 0.0,
  "max_position_embeddings": 4096,
  "model_type": "parler_tts_decoder",
  "num_attention_heads": 16,
  "num_codebooks": 9,
  "num_cross_attention_key_value_heads": 16,
  "num_hidden_layers": 24,
  "num_key_value_heads": 16,
  "pad_token_id": 1024,
  "rope_embeddings": false,
  "rope_theta": 10000.0,
  "scale_embedding": false,
  "tie_word_embeddings": false,
  "torch_dtype": "float32",
  "transformers_version": "4.46.1",
  "use_cache": true,
  "use_fused_lm_heads": false,
  "vocab_size": 1088
}

2025-05-01 23:44:22,466 - INFO - ModelManager initialized with device: cpu
2025-05-01 23:44:22,467 - INFO - Loading default TTS model...
2025-05-01 23:45:23,473 - WARNING - Config of the text_encoder: <class 'transformers.models.t5.modeling_t5.T5EncoderModel'> is overwritten by shared text_encoder config: T5Config {
  "_name_or_path": "google/flan-t5-base",
  "architectures": [
    "T5ForConditionalGeneration"
  ],
  "classifier_dropout": 0.0,
  "d_ff": 2048,
  "d_kv": 64,
  "d_model": 768,
  "decoder_start_token_id": 0,
  "dense_act_fn": "gelu_new",
  "dropout_rate": 0.1,
  "eos_token_id": 1,
  "feed_forward_proj": "gated-gelu",
  "initializer_factor": 1.0,
  "is_encoder_decoder": true,
  "is_gated_act": true,
  "layer_norm_epsilon": 1e-06,
  "model_type": "t5",
  "n_positions": 512,
  "num_decoder_layers": 12,
  "num_heads": 12,
  "num_layers": 12,
  "output_past": true,
  "pad_token_id": 0,
  "relative_attention_max_distance": 128,
  "relative_attention_num_buckets": 32,
  "task_specific_params": {
    "summarization": {
      "early_stopping": true,
      "length_penalty": 2.0,
      "max_length": 200,
      "min_length": 30,
      "no_repeat_ngram_size": 3,
      "num_beams": 4,
      "prefix": "summarize: "
    },
    "translation_en_to_de": {
      "early_stopping": true,
      "max_length": 300,
      "num_beams": 4,
      "prefix": "translate English to German: "
    },
    "translation_en_to_fr": {
      "early_stopping": true,
      "max_length": 300,
      "num_beams": 4,
      "prefix": "translate English to French: "
    },
    "translation_en_to_ro": {
      "early_stopping": true,
      "max_length": 300,
      "num_beams": 4,
      "prefix": "translate English to Romanian: "
    }
  },
  "tie_word_embeddings": false,
  "transformers_version": "4.46.1",
  "use_cache": true,
  "vocab_size": 32128
}

2025-05-01 23:45:23,499 - WARNING - Config of the audio_encoder: <class 'parler_tts.dac_wrapper.modeling_dac.DACModel'> is overwritten by shared audio_encoder config: DACConfig {
  "_name_or_path": "ylacombe/dac_44khZ_8kbps",
  "architectures": [
    "DACModel"
  ],
  "codebook_size": 1024,
  "frame_rate": 86,
  "latent_dim": 1024,
  "model_bitrate": 8,
  "model_type": "dac_on_the_hub",
  "num_codebooks": 9,
  "sampling_rate": 44100,
  "torch_dtype": "float32",
  "transformers_version": "4.46.1"
}

2025-05-01 23:45:23,502 - WARNING - Config of the decoder: <class 'parler_tts.modeling_parler_tts.ParlerTTSForCausalLM'> is overwritten by shared decoder config: ParlerTTSDecoderConfig {
  "_name_or_path": "/fsx/yoach/tmp/artefacts/decoder_400M/",
  "activation_dropout": 0.0,
  "activation_function": "gelu",
  "add_cross_attention": true,
  "architectures": [
    "ParlerTTSForCausalLM"
  ],
  "attention_dropout": 0.0,
  "bos_token_id": 1025,
  "codebook_weights": null,
  "cross_attention_implementation_strategy": null,
  "dropout": 0.1,
  "eos_token_id": 1024,
  "ffn_dim": 4096,
  "hidden_size": 1024,
  "initializer_factor": 0.02,
  "is_decoder": true,
  "layerdrop": 0.0,
  "max_position_embeddings": 4096,
  "model_type": "parler_tts_decoder",
  "num_attention_heads": 16,
  "num_codebooks": 9,
  "num_cross_attention_key_value_heads": 16,
  "num_hidden_layers": 24,
  "num_key_value_heads": 16,
  "pad_token_id": 1024,
  "rope_embeddings": false,
  "rope_theta": 10000.0,
  "scale_embedding": false,
  "tie_word_embeddings": false,
  "torch_dtype": "float32",
  "transformers_version": "4.46.1",
  "use_cache": true,
  "use_fused_lm_heads": false,
  "vocab_size": 1088
}

2025-05-01 23:45:27,262 - INFO - Default model loaded successfully
2025-05-01 23:46:22,503 - INFO - Received request with text: 'mera naam azeem hai...'
2025-05-01 23:46:22,507 - INFO - Language detection completed in 0.002s: detected as default
2025-05-01 23:46:22,514 - INFO - Applied default text preprocessing
2025-05-01 23:46:22,515 - INFO - Preprocessing completed in 0.007s
2025-05-01 23:46:22,586 - INFO - Tokenization completed in 0.070s
2025-05-01 23:46:22,587 - INFO - Generating audio using default model...
2025-05-01 23:46:23,646 - WARNING - `prompt_attention_mask` is specified but `attention_mask` is not. A full `attention_mask` will be created. Make sure this is the intended behaviour.
2025-05-01 23:47:03,390 - INFO - Model inference completed in 40.798s
2025-05-01 23:47:03,448 - INFO - Successfully generated audio of size: 239660 bytes in 40.945s
